android/samples/HelloFacebookSample/build/outputs/logs/manifest-merger-debug-report.txt
-- Merging decision tree log ---
manifest
ADDED from samples\HelloFacebookSample\AndroidManifest.xml:22:1-73:12
	package
		ADDED from samples\HelloFacebookSample\AndroidManifest.xml:23:5-40
	android:versionName
		ADDED from samples\HelloFacebookSample\AndroidManifest.xml:25:5-30
		INJECTED from samples\HelloFacebookSample\AndroidManifest.xml
		INJECTED from samples\HelloFacebookSample\AndroidManifest.xml
	android:versionCode
		ADDED from samples\HelloFacebookSample\AndroidManifest.xml:24:5-28
		INJECTED from samples\HelloFacebookSample\AndroidManifest.xml
		INJECTED from samples\HelloFacebookSample\AndroidManifest.xml
	xmlns:android
		ADDED from samples\HelloFacebookSample\AndroidManifest.xml:22:11-69
uses-permission#android.permission.INTERNET
ADDED from samples\HelloFacebookSample\AndroidManifest.xml:27:5-67
	android:name
		ADDED from samples\HelloFacebookSample\AndroidManifest.xml:27:22-64
uses-permission#android.permission.WRITE_EXTERNAL_STORAGE
ADDED from samples\HelloFacebookSample\AndroidManifest.xml:28:5-81
	android:name
		ADDED from samples\HelloFacebookSample\AndroidManifest.xml:28:22-78
application
ADDED from samples\HelloFacebookSample\AndroidManifest.xml:30:5-72:19
MERGED from [com.facebook.android:facebook:4.16.1] AndroidManifest.xml:28:5-38:19
MERGED from [com.android.support:support-v4:23.4.0] AndroidManifest.xml:22:5-20
MERGED from [com.android.support:appcompat-v7:23.4.0] AndroidManifest.xml:25:5-20
MERGED from [com.android.support:animated-vector-drawable:23.4.0] AndroidManifest.xml:7:5-20
MERGED from [com.android.support:support-vector-drawable:23.4.0] AndroidManifest.xml:7:5-20
MERGED from [com.android.support:support-v4:23.4.0] AndroidManifest.xml:22:5-20
MERGED from [com.android.support:support-v4:23.4.0] AndroidManifest.xml:22:5-20
MERGED from [com.android.support:support-vector-drawable:23.4.0] AndroidManifest.xml:7:5-20
MERGED from [com.android.support:support-v4:23.4.0] AndroidManifest.xml:22:5-20
MERGED from [com.android.support:cardview-v7:23.4.0] AndroidManifest.xml:22:5-20
MERGED from [com.android.support:customtabs:23.4.0] AndroidManifest.xml:22:5-20
MERGED from [com.android.support:support-v4:23.4.0] AndroidManifest.xml:22:5-20
	android:label
		ADDED from samples\HelloFacebookSample\AndroidManifest.xml:33:9-41
	android:icon
		ADDED from samples\HelloFacebookSample\AndroidManifest.xml:32:9-38
	android:theme
		ADDED from samples\HelloFacebookSample\AndroidManifest.xml:34:9-56
	android:name
		ADDED from samples\HelloFacebookSample\AndroidManifest.xml:31:9-55
activity#com.example.hellofacebook.HelloFacebookSampleActivity
ADDED from samples\HelloFacebookSample\AndroidManifest.xml:35:9-43:20
	android:label
		ADDED from samples\HelloFacebookSample\AndroidManifest.xml:37:13-45
	android:windowSoftInputMode
		ADDED from samples\HelloFacebookSample\AndroidManifest.xml:38:13-55
	android:name
		ADDED from samples\HelloFacebookSample\AndroidManifest.xml:36:13-56
intent-filter#android.intent.action.MAIN+android.intent.category.LAUNCHER
ADDED from samples\HelloFacebookSample\AndroidManifest.xml:39:13-42:29
action#android.intent.action.MAIN
ADDED from samples\HelloFacebookSample\AndroidManifest.xml:40:17-69
	android:name
		ADDED from samples\HelloFacebookSample\AndroidManifest.xml:40:25-66
category#android.intent.category.LAUNCHER
ADDED from samples\HelloFacebookSample\AndroidManifest.xml:41:17-77
	android:name
		ADDED from samples\HelloFacebookSample\AndroidManifest.xml:41:27-74
activity#com.facebook.CustomTabActivity
ADDED from samples\HelloFacebookSample\AndroidManifest.xml:44:9-54:20
MERGED from [com.facebook.android:facebook:4.16.1] AndroidManifest.xml:33:9-36:20
	android:exported
		ADDED from [com.facebook.android:facebook:4.16.1] AndroidManifest.xml:35:13-36
	android:name
		ADDED from samples\HelloFacebookSample\AndroidManifest.xml:45:13-58
intent-filter#android.intent.action.VIEW+android.intent.category.BROWSABLE+android.intent.category.DEFAULT
ADDED from samples\HelloFacebookSample\AndroidManifest.xml:46:13-53:29
action#android.intent.action.VIEW
ADDED from samples\HelloFacebookSample\AndroidManifest.xml:47:17-69
	android:name
		ADDED from samples\HelloFacebookSample\AndroidManifest.xml:47:25-66
category#android.intent.category.DEFAULT
ADDED from samples\HelloFacebookSample\AndroidManifest.xml:49:17-76
	android:name
		ADDED from samples\HelloFacebookSample\AndroidManifest.xml:49:27-73
category#android.intent.category.BROWSABLE
ADDED from samples\HelloFacebookSample\AndroidManifest.xml:50:17-78
	android:name
		ADDED from samples\HelloFacebookSample\AndroidManifest.xml:50:27-75
data
ADDED from samples\HelloFacebookSample\AndroidManifest.xml:52:17-75
	android:scheme
		ADDED from samples\HelloFacebookSample\AndroidManifest.xml:52:23-72
meta-data#com.facebook.sdk.ApplicationId
ADDED from samples\HelloFacebookSample\AndroidManifest.xml:56:9-58:46
	android:value
		ADDED from samples\HelloFacebookSample\AndroidManifest.xml:58:13-43
	android:name
		ADDED from samples\HelloFacebookSample\AndroidManifest.xml:57:13-58
meta-data#com.facebook.sdk.ApplicationName
ADDED from samples\HelloFacebookSample\AndroidManifest.xml:59:9-61:57
	android:value
		ADDED from samples\HelloFacebookSample\AndroidManifest.xml:61:13-54
	android:name
		ADDED from samples\HelloFacebookSample\AndroidManifest.xml:60:13-60
provider#com.facebook.FacebookContentProvider
ADDED from samples\HelloFacebookSample\AndroidManifest.xml:63:9-66:39
	android:authorities
		ADDED from samples\HelloFacebookSample\AndroidManifest.xml:65:13-90
	android:exported
		ADDED from samples\HelloFacebookSample\AndroidManifest.xml:66:13-36
	android:name
		ADDED from samples\HelloFacebookSample\AndroidManifest.xml:64:13-64
receiver#com.example.hellofacebook.HelloFacebookBroadcastReceiver
ADDED from samples\HelloFacebookSample\AndroidManifest.xml:67:9-71:20
	android:name
		ADDED from samples\HelloFacebookSample\AndroidManifest.xml:67:19-90
intent-filter#com.facebook.platform.AppCallResultBroadcast
ADDED from samples\HelloFacebookSample\AndroidManifest.xml:68:13-70:29
action#com.facebook.platform.AppCallResultBroadcast
ADDED from samples\HelloFacebookSample\AndroidManifest.xml:69:17-87
	android:name
		ADDED from samples\HelloFacebookSample\AndroidManifest.xml:69:25-84
uses-sdk
INJECTED from samples\HelloFacebookSample\AndroidManifest.xml reason: use-sdk injection requested
MERGED from [com.facebook.android:facebook:4.16.1] AndroidManifest.xml:24:5-26:41
MERGED from [com.android.support:support-v4:23.4.0] AndroidManifest.xml:20:5-43
MERGED from [com.android.support:appcompat-v7:23.4.0] AndroidManifest.xml:21:5-23:78
MERGED from [com.android.support:animated-vector-drawable:23.4.0] AndroidManifest.xml:5:5-44
MERGED from [com.android.support:support-vector-drawable:23.4.0] AndroidManifest.xml:5:5-43
MERGED from [com.android.support:support-v4:23.4.0] AndroidManifest.xml:20:5-43
MERGED from [com.android.support:support-v4:23.4.0] AndroidManifest.xml:20:5-43
MERGED from [com.android.support:support-vector-drawable:23.4.0] AndroidManifest.xml:5:5-43
MERGED from [com.android.support:support-v4:23.4.0] AndroidManifest.xml:20:5-43
MERGED from [com.android.support:cardview-v7:23.4.0] AndroidManifest.xml:20:5-43
MERGED from [com.android.support:customtabs:23.4.0] AndroidManifest.xml:20:5-44
MERGED from [com.android.support:support-v4:23.4.0] AndroidManifest.xml:20:5-43
	tools:overrideLibrary
		ADDED from [com.android.support:appcompat-v7:23.4.0] AndroidManifest.xml:23:9-75
	android:targetSdkVersion
		INJECTED from samples\HelloFacebookSample\AndroidManifest.xml
		INJECTED from samples\HelloFacebookSample\AndroidManifest.xml
	android:minSdkVersion
		INJECTED from samples\HelloFacebookSample\AndroidManifest.xml
		INJECTED from samples\HelloFacebookSample\AndroidManifest.xml
activity#com.facebook.FacebookActivity
ADDED from [com.facebook.android:facebook:4.16.1] AndroidManifest.xml:29:9-32:66
	android:configChanges
		ADDED from [com.facebook.android:facebook:4.16.1] AndroidManifest.xml:31:13-96
	android:theme
		ADDED from [com.facebook.android:facebook:4.16.1] AndroidManifest.xml:32:13-63
	android:name
		ADDED from [com.facebook.android:facebook:4.16.1] AndroidManifest.xml:30:13-57
activity#com.facebook.CustomTabMainActivity
ADDED from [com.facebook.android:facebook:4.16.1] AndroidManifest.xml:37:9-71
	android:name
		ADDED from [com.facebook.android:facebook:4.16.1] AndroidManifest.xml:37:19-68